<?xml version="1.0" encoding="UTF-8"?>
<!-- Generated by org.testng.reporters.JUnitReportReporter -->
<testsuite hostname="DESKTOP-AU9NHPN" failures="0" tests="1" name="TestRunner.CucumberTestRunner" time="13.002" errors="0" timestamp="2024-10-07T03:05:57 IST" skipped="0">
  <testcase classname="TestRunner.CucumberTestRunner" name="runScenario" time="13.002"/>
  <system-out/>
</testsuite> <!-- TestRunner.CucumberTestRunner -->
